[20240313-10:31:32] [INFO ] starting xrdp-sesman with pid 228383
[20240316-15:54:45] [INFO ] Socket 12: AF_INET6 connection received from ::1 port 42066
[20240316-15:54:45] [INFO ] Terminal Server Users group is disabled, allowing authentication
[20240316-15:54:45] [INFO ] ++ created session (access granted): username test, ip ::ffff:192.168.86.123:60260 - socket: 12
[20240316-15:54:45] [INFO ] starting Xvnc session...
[20240316-15:54:45] [INFO ] Starting session: session_pid 270082, display :10.0, width 1920, height 1080, bpp 16, client ip ::ffff:192.168.86.123:60260 - socket: 12, user name test
[20240316-15:54:45] [ERROR] sesman_data_in: scp_process_msg failed
[20240316-15:54:45] [INFO ] [session start] (display 10): calling auth_start_session from pid 270082
[20240316-15:54:45] [ERROR] sesman_main_loop: trans_check_wait_objs failed, removing trans
[20240316-15:54:45] [INFO ] Starting X server on display 10: Xvnc :10 -auth .Xauthority -geometry 1920x1080 -depth 16 -rfbauth /home/test/.vnc/sesman_passwd-test@oracle.localdomain:10 -bs -nolisten tcp -localhost -dpi 96  
[20240316-15:54:45] [INFO ] Found X server running at /tmp/.X11-unix/X10
[20240316-15:54:45] [INFO ] Session started successfully for user test on display 10
[20240316-15:54:45] [INFO ] Session in progress on display 10, waiting until the window manager (pid 270115) exits to end the session
[20240316-15:54:45] [INFO ] Starting the xrdp channel server for display 10
[20240316-15:54:45] [INFO ] Found X server running at /tmp/.X11-unix/X10
[20240316-15:54:46] [INFO ] Found X server running at /tmp/.X11-unix/X10
[20240316-15:54:46] [INFO ] Starting the default window manager on display 10: /usr/libexec/xrdp/startwm-bash.sh
[20240316-16:07:58] [INFO ] sesman_main_loop: sesman asked to terminate
[20240316-16:07:58] [INFO ] starting xrdp-sesman with pid 272335
[20240316-16:08:10] [INFO ] Socket 12: AF_INET6 connection received from ::1 port 39766
[20240316-16:08:10] [INFO ] Terminal Server Users group is disabled, allowing authentication
[20240316-16:08:10] [INFO ] ++ created session (access granted): username test, ip ::ffff:192.168.86.123:60323 - socket: 12
[20240316-16:08:10] [INFO ] starting Xvnc session...
[20240316-16:08:10] [INFO ] Found X server running at /tmp/.X11-unix/X10
[20240316-16:08:10] [INFO ] Starting session: session_pid 272349, display :11.0, width 1920, height 1080, bpp 16, client ip ::ffff:192.168.86.123:60323 - socket: 12, user name test
[20240316-16:08:10] [ERROR] sesman_data_in: scp_process_msg failed
[20240316-16:08:10] [INFO ] [session start] (display 11): calling auth_start_session from pid 272349
[20240316-16:08:10] [ERROR] sesman_main_loop: trans_check_wait_objs failed, removing trans
[20240316-16:08:10] [INFO ] Starting X server on display 11: Xvnc :11 -auth .Xauthority -geometry 1920x1080 -depth 16 -rfbauth /home/test/.vnc/sesman_passwd-test@oracle.localdomain:11 -bs -nolisten tcp -localhost -dpi 96  
[20240316-16:08:10] [INFO ] Found X server running at /tmp/.X11-unix/X11
[20240316-16:08:10] [INFO ] Session started successfully for user test on display 11
[20240316-16:08:10] [INFO ] Session in progress on display 11, waiting until the window manager (pid 272350) exits to end the session
[20240316-16:08:10] [INFO ] Starting the xrdp channel server for display 11
[20240316-16:08:10] [INFO ] Found X server running at /tmp/.X11-unix/X11
[20240316-16:08:10] [INFO ] Found X server running at /tmp/.X11-unix/X11
[20240316-16:08:10] [INFO ] Starting the default window manager on display 11: /usr/libexec/xrdp/startwm-bash.sh
[20240316-16:08:10] [WARN ] Window manager (pid 272350, display 11) exited quickly (0 secs). This could indicate a window manager config problem
[20240316-16:08:10] [INFO ] Calling auth_stop_session and auth_end from pid 272349
[20240316-16:08:10] [INFO ] Terminating X server (pid 272351) on display 11
[20240316-16:08:10] [INFO ] Terminating the xrdp channel server (pid 272370) on display 11
[20240316-16:08:10] [INFO ] X server on display 11 (pid 272351) returned exit code 0 and signal number 0
[20240316-16:08:10] [INFO ] xrdp channel server for display 11 (pid 272370) exit code 0 and signal number 0
[20240316-16:08:10] [INFO ] cleanup_sockets:
[20240316-16:08:10] [INFO ] Process 272349 has exited
[20240316-16:08:10] [INFO ] ++ terminated session:  username test, display :11.0, session_pid 272349, ip ::ffff:192.168.86.123:60323 - socket: 12
[20240316-16:08:25] [INFO ] Socket 12: AF_INET6 connection received from ::1 port 38644
[20240316-16:08:25] [INFO ] Terminal Server Users group is disabled, allowing authentication
[20240316-16:08:25] [INFO ] ++ created session (access granted): username test, ip ::ffff:192.168.86.123:60325 - socket: 12
[20240316-16:08:25] [INFO ] starting Xvnc session...
[20240316-16:08:25] [INFO ] Found X server running at /tmp/.X11-unix/X10
[20240316-16:08:25] [INFO ] Starting session: session_pid 272547, display :11.0, width 1920, height 1080, bpp 16, client ip ::ffff:192.168.86.123:60325 - socket: 12, user name test
[20240316-16:08:25] [ERROR] sesman_data_in: scp_process_msg failed
[20240316-16:08:25] [INFO ] [session start] (display 11): calling auth_start_session from pid 272547
[20240316-16:08:25] [ERROR] sesman_main_loop: trans_check_wait_objs failed, removing trans
[20240316-16:08:25] [INFO ] Starting X server on display 11: Xvnc :11 -auth .Xauthority -geometry 1920x1080 -depth 16 -rfbauth /home/test/.vnc/sesman_passwd-test@oracle.localdomain:11 -bs -nolisten tcp -localhost -dpi 96  
[20240316-16:08:25] [INFO ] Found X server running at /tmp/.X11-unix/X11
[20240316-16:08:25] [INFO ] Session started successfully for user test on display 11
[20240316-16:08:25] [INFO ] Found X server running at /tmp/.X11-unix/X11
[20240316-16:08:25] [INFO ] Starting the xrdp channel server for display 11
[20240316-16:08:25] [INFO ] Session in progress on display 11, waiting until the window manager (pid 272548) exits to end the session
[20240316-16:08:25] [INFO ] Found X server running at /tmp/.X11-unix/X11
[20240316-16:08:25] [INFO ] Starting the default window manager on display 11: /usr/libexec/xrdp/startwm-bash.sh
[20240316-16:08:26] [WARN ] Window manager (pid 272548, display 11) exited quickly (1 secs). This could indicate a window manager config problem
[20240316-16:08:26] [INFO ] Calling auth_stop_session and auth_end from pid 272547
[20240316-16:08:26] [INFO ] Terminating X server (pid 272549) on display 11
[20240316-16:08:26] [INFO ] Terminating the xrdp channel server (pid 272581) on display 11
[20240316-16:08:26] [INFO ] X server on display 11 (pid 272549) returned exit code 0 and signal number 0
[20240316-16:08:26] [INFO ] xrdp channel server for display 11 (pid 272581) exit code 0 and signal number 0
[20240316-16:08:26] [INFO ] cleanup_sockets:
[20240316-16:08:26] [INFO ] Process 272547 has exited
[20240316-16:08:26] [INFO ] ++ terminated session:  username test, display :11.0, session_pid 272547, ip ::ffff:192.168.86.123:60325 - socket: 12
[20240316-16:09:12] [INFO ] Socket 12: AF_INET6 connection received from ::1 port 34244
[20240316-16:09:13] [INFO ] Terminal Server Users group is disabled, allowing authentication
[20240316-16:09:13] [INFO ] ++ created session (access granted): username test, ip ::ffff:192.168.86.123:60327 - socket: 12
[20240316-16:09:13] [INFO ] starting Xvnc session...
[20240316-16:09:13] [INFO ] Found X server running at /tmp/.X11-unix/X10
[20240316-16:09:13] [INFO ] Starting session: session_pid 272779, display :11.0, width 1920, height 1080, bpp 16, client ip ::ffff:192.168.86.123:60327 - socket: 12, user name test
[20240316-16:09:13] [ERROR] sesman_data_in: scp_process_msg failed
[20240316-16:09:13] [INFO ] [session start] (display 11): calling auth_start_session from pid 272779
[20240316-16:09:13] [ERROR] sesman_main_loop: trans_check_wait_objs failed, removing trans
[20240316-16:09:13] [INFO ] Starting X server on display 11: Xvnc :11 -auth .Xauthority -geometry 1920x1080 -depth 16 -rfbauth /home/test/.vnc/sesman_passwd-test@oracle.localdomain:11 -bs -nolisten tcp -localhost -dpi 96  
[20240316-16:09:13] [INFO ] Found X server running at /tmp/.X11-unix/X11
[20240316-16:09:13] [INFO ] Session started successfully for user test on display 11
[20240316-16:09:13] [INFO ] Session in progress on display 11, waiting until the window manager (pid 272780) exits to end the session
[20240316-16:09:13] [INFO ] Starting the xrdp channel server for display 11
[20240316-16:09:13] [INFO ] Found X server running at /tmp/.X11-unix/X11
[20240316-16:09:13] [INFO ] Found X server running at /tmp/.X11-unix/X11
[20240316-16:09:13] [INFO ] Starting the default window manager on display 11: /usr/libexec/xrdp/startwm-bash.sh
[20240316-16:09:13] [WARN ] Window manager (pid 272780, display 11) exited quickly (0 secs). This could indicate a window manager config problem
[20240316-16:09:13] [INFO ] Calling auth_stop_session and auth_end from pid 272779
[20240316-16:09:13] [INFO ] Terminating X server (pid 272781) on display 11
[20240316-16:09:13] [INFO ] Terminating the xrdp channel server (pid 272800) on display 11
[20240316-16:09:13] [INFO ] X server on display 11 (pid 272781) returned exit code 0 and signal number 0
[20240316-16:09:13] [INFO ] xrdp channel server for display 11 (pid 272800) exit code 0 and signal number 0
[20240316-16:09:13] [INFO ] cleanup_sockets:
[20240316-16:09:13] [INFO ] Process 272779 has exited
[20240316-16:09:13] [INFO ] ++ terminated session:  username test, display :11.0, session_pid 272779, ip ::ffff:192.168.86.123:60327 - socket: 12
[20240316-16:09:37] [WARN ] Window manager (pid 270115, display 10) exited with non-zero exit code 255 and signal 1. This could indicate a window manager config problem
[20240316-16:09:37] [INFO ] Calling auth_stop_session and auth_end from pid 270082
[20240316-16:09:37] [INFO ] sesman_main_loop: sesman asked to terminate
[20240316-16:09:37] [INFO ] Terminating X server (pid 270116) on display 10
[20240316-16:09:37] [INFO ] Terminating the xrdp channel server (pid 270146) on display 10
[20240316-16:09:37] [INFO ] X server on display 10 (pid 270116) returned exit code 0 and signal number 0
[20240316-16:09:37] [INFO ] xrdp channel server for display 10 (pid 270146) exit code 255 and signal number 1
[20240316-16:09:37] [INFO ] cleanup_sockets:
[20240316-16:09:58] [INFO ] starting xrdp-sesman with pid 1254
[20240316-16:10:28] [INFO ] Socket 12: AF_INET6 connection received from ::1 port 37098
[20240316-16:10:28] [INFO ] Terminal Server Users group is disabled, allowing authentication
[20240316-16:10:28] [INFO ] ++ created session (access granted): username test, ip ::ffff:192.168.86.123:60331 - socket: 12
[20240316-16:10:28] [INFO ] starting Xvnc session...
[20240316-16:10:28] [INFO ] Starting session: session_pid 2981, display :10.0, width 1920, height 1080, bpp 16, client ip ::ffff:192.168.86.123:60331 - socket: 12, user name test
[20240316-16:10:28] [ERROR] sesman_data_in: scp_process_msg failed
[20240316-16:10:28] [INFO ] [session start] (display 10): calling auth_start_session from pid 2981
[20240316-16:10:28] [ERROR] sesman_main_loop: trans_check_wait_objs failed, removing trans
[20240316-16:10:29] [INFO ] Starting X server on display 10: Xvnc :10 -auth .Xauthority -geometry 1920x1080 -depth 16 -rfbauth /home/test/.vnc/sesman_passwd-test@oracle.localdomain:10 -bs -nolisten tcp -localhost -dpi 96  
[20240316-16:10:29] [INFO ] Found X server running at /tmp/.X11-unix/X10
[20240316-16:10:29] [INFO ] Session started successfully for user test on display 10
[20240316-16:10:29] [INFO ] Found X server running at /tmp/.X11-unix/X10
[20240316-16:10:29] [INFO ] Starting the xrdp channel server for display 10
[20240316-16:10:29] [INFO ] Session in progress on display 10, waiting until the window manager (pid 3015) exits to end the session
[20240316-16:10:29] [INFO ] Found X server running at /tmp/.X11-unix/X10
[20240316-16:10:29] [INFO ] Starting the default window manager on display 10: /usr/libexec/xrdp/startwm-bash.sh
[20240316-16:21:55] [INFO ] sesman_main_loop: sesman asked to terminate
[20240316-16:21:56] [INFO ] starting xrdp-sesman with pid 4613
[20240316-16:22:42] [INFO ] Socket 12: AF_INET6 connection received from ::1 port 48012
[20240316-16:22:42] [INFO ] Terminal Server Users group is disabled, allowing authentication
[20240316-16:22:42] [INFO ] ++ created session (access granted): username test, ip ::ffff:192.168.86.123:60523 - socket: 12
[20240316-16:22:42] [INFO ] starting Xvnc session...
[20240316-16:22:42] [INFO ] Found X server running at /tmp/.X11-unix/X10
[20240316-16:22:42] [INFO ] Starting session: session_pid 4631, display :11.0, width 1920, height 1080, bpp 16, client ip ::ffff:192.168.86.123:60523 - socket: 12, user name test
[20240316-16:22:42] [ERROR] sesman_data_in: scp_process_msg failed
[20240316-16:22:42] [INFO ] [session start] (display 11): calling auth_start_session from pid 4631
[20240316-16:22:42] [ERROR] sesman_main_loop: trans_check_wait_objs failed, removing trans
[20240316-16:22:42] [INFO ] Starting X server on display 11: Xvnc :11 -auth .Xauthority -geometry 1920x1080 -depth 16 -rfbauth /home/test/.vnc/sesman_passwd-test@oracle.localdomain:11 -bs -nolisten tcp -localhost -dpi 96  
[20240316-16:22:42] [INFO ] Found X server running at /tmp/.X11-unix/X11
[20240316-16:22:42] [INFO ] Session started successfully for user test on display 11
[20240316-16:22:42] [INFO ] Session in progress on display 11, waiting until the window manager (pid 4632) exits to end the session
[20240316-16:22:42] [INFO ] Starting the xrdp channel server for display 11
[20240316-16:22:42] [INFO ] Found X server running at /tmp/.X11-unix/X11
[20240316-16:22:42] [INFO ] Found X server running at /tmp/.X11-unix/X11
[20240316-16:22:42] [INFO ] Starting the default window manager on display 11: /usr/libexec/xrdp/startwm-bash.sh
[20240316-16:22:43] [WARN ] Window manager (pid 4632, display 11) exited quickly (1 secs). This could indicate a window manager config problem
[20240316-16:22:43] [INFO ] Calling auth_stop_session and auth_end from pid 4631
[20240316-16:22:43] [INFO ] Terminating X server (pid 4633) on display 11
[20240316-16:22:43] [INFO ] Terminating the xrdp channel server (pid 4672) on display 11
[20240316-16:22:43] [INFO ] X server on display 11 (pid 4633) returned exit code 0 and signal number 0
[20240316-16:22:43] [INFO ] xrdp channel server for display 11 (pid 4672) exit code 0 and signal number 0
[20240316-16:22:43] [INFO ] cleanup_sockets:
[20240316-16:22:43] [INFO ] Process 4631 has exited
[20240316-16:22:43] [INFO ] ++ terminated session:  username test, display :11.0, session_pid 4631, ip ::ffff:192.168.86.123:60523 - socket: 12
[20240316-16:23:23] [INFO ] sesman_main_loop: sesman asked to terminate
[20240316-16:23:23] [WARN ] Window manager (pid 3015, display 10) exited with non-zero exit code 255 and signal 1. This could indicate a window manager config problem
[20240316-16:23:23] [INFO ] Calling auth_stop_session and auth_end from pid 2981
[20240316-16:23:23] [INFO ] Terminating X server (pid 3016) on display 10
[20240316-16:23:23] [INFO ] Terminating the xrdp channel server (pid 3024) on display 10
[20240316-16:23:23] [INFO ] X server on display 10 (pid 3016) returned exit code 0 and signal number 0
[20240316-16:23:23] [INFO ] xrdp channel server for display 10 (pid 3024) exit code 255 and signal number 1
[20240316-16:23:23] [INFO ] cleanup_sockets:
[20240316-16:23:36] [INFO ] starting xrdp-sesman with pid 949
[20240316-16:25:30] [INFO ] Socket 12: AF_INET6 connection received from ::1 port 57890
[20240316-16:25:30] [INFO ] Terminal Server Users group is disabled, allowing authentication
[20240316-16:25:31] [INFO ] ++ created session (access granted): username test, ip ::ffff:192.168.86.123:60550 - socket: 12
[20240316-16:25:31] [INFO ] starting Xvnc session...
[20240316-16:25:31] [INFO ] Starting session: session_pid 3229, display :10.0, width 1920, height 1080, bpp 16, client ip ::ffff:192.168.86.123:60550 - socket: 12, user name test
[20240316-16:25:31] [ERROR] sesman_data_in: scp_process_msg failed
[20240316-16:25:31] [INFO ] [session start] (display 10): calling auth_start_session from pid 3229
[20240316-16:25:31] [ERROR] sesman_main_loop: trans_check_wait_objs failed, removing trans
[20240316-16:25:31] [INFO ] Starting X server on display 10: Xvnc :10 -auth .Xauthority -geometry 1920x1080 -depth 16 -rfbauth /home/test/.vnc/sesman_passwd-test@oracle.localdomain:10 -bs -nolisten tcp -localhost -dpi 96  
[20240316-16:25:31] [INFO ] Found X server running at /tmp/.X11-unix/X10
[20240316-16:25:32] [INFO ] Session started successfully for user test on display 10
[20240316-16:25:32] [INFO ] Found X server running at /tmp/.X11-unix/X10
[20240316-16:25:32] [INFO ] Starting the xrdp channel server for display 10
[20240316-16:25:32] [INFO ] Session in progress on display 10, waiting until the window manager (pid 3256) exits to end the session
[20240316-16:25:32] [INFO ] Found X server running at /tmp/.X11-unix/X10
[20240316-16:25:32] [INFO ] Starting the default window manager on display 10: /usr/libexec/xrdp/startwm-bash.sh
[20240316-16:29:36] [INFO ] Calling auth_stop_session and auth_end from pid 3229
[20240316-16:29:36] [INFO ] Terminating X server (pid 3257) on display 10
[20240316-16:29:36] [INFO ] Terminating the xrdp channel server (pid 3266) on display 10
[20240316-16:29:36] [INFO ] X server on display 10 (pid 3257) returned exit code 0 and signal number 0
[20240316-16:29:36] [INFO ] xrdp channel server for display 10 (pid 3266) exit code 0 and signal number 0
[20240316-16:29:36] [INFO ] cleanup_sockets:
[20240316-16:29:36] [INFO ] Process 3229 has exited
[20240316-16:29:36] [INFO ] ++ terminated session:  username test, display :10.0, session_pid 3229, ip ::ffff:192.168.86.123:60550 - socket: 12
[20240316-16:34:41] [INFO ] sesman_main_loop: sesman asked to terminate
[20240316-16:34:41] [INFO ] starting xrdp-sesman with pid 4995
[20240316-16:34:59] [INFO ] Socket 12: AF_INET6 connection received from ::1 port 35144
[20240316-16:34:59] [INFO ] Terminal Server Users group is disabled, allowing authentication
[20240316-16:34:59] [INFO ] ++ created session (access granted): username test, ip ::ffff:192.168.86.123:60594 - socket: 12
[20240316-16:34:59] [INFO ] starting Xvnc session...
[20240316-16:34:59] [INFO ] Starting session: session_pid 5002, display :10.0, width 1920, height 1080, bpp 16, client ip ::ffff:192.168.86.123:60594 - socket: 12, user name test
[20240316-16:34:59] [ERROR] sesman_data_in: scp_process_msg failed
[20240316-16:34:59] [INFO ] [session start] (display 10): calling auth_start_session from pid 5002
[20240316-16:34:59] [ERROR] sesman_main_loop: trans_check_wait_objs failed, removing trans
[20240316-16:34:59] [INFO ] Starting X server on display 10: Xvnc :10 -auth .Xauthority -geometry 1920x1080 -depth 16 -rfbauth /home/test/.vnc/sesman_passwd-test@oracle.localdomain:10 -bs -nolisten tcp -localhost -dpi 96  
[20240316-16:34:59] [INFO ] Found X server running at /tmp/.X11-unix/X10
[20240316-16:34:59] [INFO ] Session started successfully for user test on display 10
[20240316-16:34:59] [INFO ] Session in progress on display 10, waiting until the window manager (pid 5003) exits to end the session
[20240316-16:34:59] [INFO ] Starting the xrdp channel server for display 10
[20240316-16:34:59] [INFO ] Found X server running at /tmp/.X11-unix/X10
[20240316-16:34:59] [INFO ] Found X server running at /tmp/.X11-unix/X10
[20240316-16:34:59] [INFO ] Starting the default window manager on display 10: /usr/libexec/xrdp/startwm-bash.sh
[20240316-16:40:59] [INFO ] Calling auth_stop_session and auth_end from pid 5002
[20240316-16:41:00] [INFO ] Terminating X server (pid 5004) on display 10
[20240316-16:41:00] [INFO ] Terminating the xrdp channel server (pid 5032) on display 10
[20240316-16:41:00] [INFO ] X server on display 10 (pid 5004) returned exit code 0 and signal number 0
[20240316-16:41:00] [INFO ] xrdp channel server for display 10 (pid 5032) exit code 0 and signal number 0
[20240316-16:41:00] [INFO ] cleanup_sockets:
[20240316-16:41:00] [INFO ] Process 5002 has exited
[20240316-16:41:00] [INFO ] ++ terminated session:  username test, display :10.0, session_pid 5002, ip ::ffff:192.168.86.123:60594 - socket: 12
[20240316-16:41:06] [INFO ] sesman_main_loop: sesman asked to terminate
[20240316-16:41:06] [INFO ] starting xrdp-sesman with pid 5940
[20240316-16:41:29] [INFO ] Socket 12: AF_INET6 connection received from ::1 port 50992
[20240316-16:41:29] [INFO ] Terminal Server Users group is disabled, allowing authentication
[20240316-16:41:29] [INFO ] ++ created session (access granted): username test, ip ::ffff:192.168.86.123:60659 - socket: 12
[20240316-16:41:29] [INFO ] starting Xvnc session...
[20240316-16:41:29] [INFO ] Starting session: session_pid 5950, display :10.0, width 1920, height 1080, bpp 16, client ip ::ffff:192.168.86.123:60659 - socket: 12, user name test
[20240316-16:41:29] [ERROR] sesman_data_in: scp_process_msg failed
[20240316-16:41:29] [INFO ] [session start] (display 10): calling auth_start_session from pid 5950
[20240316-16:41:29] [ERROR] sesman_main_loop: trans_check_wait_objs failed, removing trans
[20240316-16:41:29] [INFO ] Starting X server on display 10: Xvnc :10 -auth .Xauthority -geometry 1920x1080 -depth 16 -rfbauth /home/test/.vnc/sesman_passwd-test@oracle.localdomain:10 -bs -nolisten tcp -localhost -dpi 96  
[20240316-16:41:29] [INFO ] Found X server running at /tmp/.X11-unix/X10
[20240316-16:41:30] [INFO ] Session started successfully for user test on display 10
[20240316-16:41:30] [INFO ] Session in progress on display 10, waiting until the window manager (pid 5951) exits to end the session
[20240316-16:41:30] [INFO ] Starting the xrdp channel server for display 10
[20240316-16:41:30] [INFO ] Found X server running at /tmp/.X11-unix/X10
[20240316-16:41:30] [INFO ] Found X server running at /tmp/.X11-unix/X10
[20240316-16:41:30] [INFO ] Starting the default window manager on display 10: /usr/libexec/xrdp/startwm-bash.sh
[20240316-16:42:28] [INFO ] Calling auth_stop_session and auth_end from pid 5950
[20240316-16:42:28] [INFO ] Terminating X server (pid 5952) on display 10
[20240316-16:42:28] [INFO ] Terminating the xrdp channel server (pid 5979) on display 10
[20240316-16:42:28] [INFO ] X server on display 10 (pid 5952) returned exit code 0 and signal number 0
[20240316-16:42:28] [INFO ] xrdp channel server for display 10 (pid 5979) exit code 0 and signal number 0
[20240316-16:42:28] [INFO ] cleanup_sockets:
[20240316-16:42:28] [INFO ] Process 5950 has exited
[20240316-16:42:28] [INFO ] ++ terminated session:  username test, display :10.0, session_pid 5950, ip ::ffff:192.168.86.123:60659 - socket: 12
[20240316-16:42:39] [INFO ] Socket 12: AF_INET6 connection received from ::1 port 48770
[20240316-16:42:39] [INFO ] Terminal Server Users group is disabled, allowing authentication
[20240316-16:42:39] [INFO ] ++ created session (access granted): username test, ip ::ffff:192.168.86.123:60661 - socket: 12
[20240316-16:42:39] [INFO ] starting Xvnc session...
[20240316-16:42:39] [INFO ] Starting session: session_pid 6738, display :10.0, width 1920, height 1080, bpp 16, client ip ::ffff:192.168.86.123:60661 - socket: 12, user name test
[20240316-16:42:39] [ERROR] sesman_data_in: scp_process_msg failed
[20240316-16:42:39] [INFO ] [session start] (display 10): calling auth_start_session from pid 6738
[20240316-16:42:39] [ERROR] sesman_main_loop: trans_check_wait_objs failed, removing trans
[20240316-16:42:39] [INFO ] Starting X server on display 10: Xvnc :10 -auth .Xauthority -geometry 1920x1080 -depth 16 -rfbauth /home/test/.vnc/sesman_passwd-test@oracle.localdomain:10 -bs -nolisten tcp -localhost -dpi 96  
[20240316-16:42:39] [INFO ] Found X server running at /tmp/.X11-unix/X10
[20240316-16:42:39] [INFO ] Session started successfully for user test on display 10
[20240316-16:42:39] [INFO ] Session in progress on display 10, waiting until the window manager (pid 6739) exits to end the session
[20240316-16:42:39] [INFO ] Starting the xrdp channel server for display 10
[20240316-16:42:39] [INFO ] Found X server running at /tmp/.X11-unix/X10
[20240316-16:42:39] [INFO ] Found X server running at /tmp/.X11-unix/X10
[20240316-16:42:39] [INFO ] Starting the default window manager on display 10: /usr/libexec/xrdp/startwm-bash.sh
[20240316-16:52:06] [INFO ] Calling auth_stop_session and auth_end from pid 6738
[20240316-16:52:06] [INFO ] Terminating X server (pid 6740) on display 10
[20240316-16:52:06] [INFO ] Terminating the xrdp channel server (pid 6767) on display 10
[20240316-16:52:06] [INFO ] X server on display 10 (pid 6740) returned exit code 0 and signal number 0
[20240316-16:52:06] [INFO ] xrdp channel server for display 10 (pid 6767) exit code 0 and signal number 0
[20240316-16:52:06] [INFO ] cleanup_sockets:
[20240316-16:52:06] [INFO ] Process 6738 has exited
[20240316-16:52:06] [INFO ] ++ terminated session:  username test, display :10.0, session_pid 6738, ip ::ffff:192.168.86.123:60661 - socket: 12
[20240316-16:52:15] [INFO ] sesman_main_loop: sesman asked to terminate
[20240316-16:52:15] [INFO ] starting xrdp-sesman with pid 7751
[20240316-16:52:58] [INFO ] Socket 12: AF_INET6 connection received from ::1 port 59854
[20240316-16:52:58] [INFO ] Terminal Server Users group is disabled, allowing authentication
[20240316-16:52:58] [INFO ] ++ created session (access granted): username test, ip ::ffff:192.168.86.123:60706 - socket: 12
[20240316-16:52:58] [INFO ] starting Xvnc session...
[20240316-16:52:58] [INFO ] Starting session: session_pid 7767, display :10.0, width 1920, height 1080, bpp 16, client ip ::ffff:192.168.86.123:60706 - socket: 12, user name test
[20240316-16:52:58] [ERROR] sesman_data_in: scp_process_msg failed
[20240316-16:52:58] [INFO ] [session start] (display 10): calling auth_start_session from pid 7767
[20240316-16:52:58] [ERROR] sesman_main_loop: trans_check_wait_objs failed, removing trans
[20240316-16:52:58] [INFO ] Starting X server on display 10: Xvnc :10 -auth .Xauthority -geometry 1920x1080 -depth 16 -rfbauth /home/test/.vnc/sesman_passwd-test@oracle.localdomain:10 -bs -nolisten tcp -localhost -dpi 96  
[20240316-16:52:58] [INFO ] Found X server running at /tmp/.X11-unix/X10
[20240316-16:52:58] [INFO ] Session started successfully for user test on display 10
[20240316-16:52:58] [INFO ] Session in progress on display 10, waiting until the window manager (pid 7768) exits to end the session
[20240316-16:52:58] [INFO ] Starting the xrdp channel server for display 10
[20240316-16:52:58] [INFO ] Found X server running at /tmp/.X11-unix/X10
[20240316-16:52:58] [INFO ] Found X server running at /tmp/.X11-unix/X10
[20240316-16:52:58] [INFO ] Starting the default window manager on display 10: /usr/libexec/xrdp/startwm-bash.sh
[20240316-17:02:23] [INFO ] Calling auth_stop_session and auth_end from pid 7767
[20240316-17:02:23] [INFO ] Terminating X server (pid 7769) on display 10
[20240316-17:02:23] [INFO ] Terminating the xrdp channel server (pid 7796) on display 10
[20240316-17:02:23] [INFO ] X server on display 10 (pid 7769) returned exit code 0 and signal number 0
[20240316-17:02:24] [INFO ] xrdp channel server for display 10 (pid 7796) exit code 0 and signal number 0
[20240316-17:02:24] [INFO ] cleanup_sockets:
[20240316-17:02:24] [INFO ] Process 7767 has exited
[20240316-17:02:24] [INFO ] ++ terminated session:  username test, display :10.0, session_pid 7767, ip ::ffff:192.168.86.123:60706 - socket: 12
[20240316-17:02:31] [INFO ] sesman_main_loop: sesman asked to terminate
[20240316-17:02:31] [INFO ] starting xrdp-sesman with pid 8802
[20240316-17:02:43] [INFO ] Socket 12: AF_INET6 connection received from ::1 port 39328
[20240316-17:02:43] [INFO ] Terminal Server Users group is disabled, allowing authentication
[20240316-17:02:43] [INFO ] ++ created session (access granted): username test, ip ::ffff:192.168.86.123:60794 - socket: 12
[20240316-17:02:43] [INFO ] starting Xvnc session...
[20240316-17:02:43] [INFO ] Starting session: session_pid 8821, display :10.0, width 1920, height 1080, bpp 16, client ip ::ffff:192.168.86.123:60794 - socket: 12, user name test
[20240316-17:02:43] [ERROR] sesman_data_in: scp_process_msg failed
[20240316-17:02:43] [INFO ] [session start] (display 10): calling auth_start_session from pid 8821
[20240316-17:02:43] [ERROR] sesman_main_loop: trans_check_wait_objs failed, removing trans
[20240316-17:02:43] [INFO ] Starting X server on display 10: Xvnc :10 -auth .Xauthority -geometry 1920x1080 -depth 16 -rfbauth /home/test/.vnc/sesman_passwd-test@oracle.localdomain:10 -bs -nolisten tcp -localhost -dpi 96  
[20240316-17:02:43] [INFO ] Found X server running at /tmp/.X11-unix/X10
[20240316-17:02:43] [INFO ] Session started successfully for user test on display 10
[20240316-17:02:43] [INFO ] Found X server running at /tmp/.X11-unix/X10
[20240316-17:02:43] [INFO ] Found X server running at /tmp/.X11-unix/X10
[20240316-17:02:43] [INFO ] Starting the xrdp channel server for display 10
[20240316-17:02:43] [INFO ] Session in progress on display 10, waiting until the window manager (pid 8822) exits to end the session
[20240316-17:02:43] [INFO ] Starting the default window manager on display 10: /usr/libexec/xrdp/startwm-bash.sh
[20240316-17:07:30] [INFO ] Socket 12: AF_INET6 connection received from ::1 port 49830
[20240316-17:07:31] [INFO ] ++ reconnected session: username test, display :10.0, session_pid 8821, ip ::ffff:192.168.86.123:60817 - socket: 12
[20240316-17:07:31] [ERROR] sesman_data_in: scp_process_msg failed
[20240316-17:07:31] [ERROR] sesman_main_loop: trans_check_wait_objs failed, removing trans
[20240316-17:07:31] [INFO ] Starting session reconnection script on display 10: /usr/libexec/xrdp/reconnectwm.sh
[20240316-17:07:31] [INFO ] Process 9728 has exited
[20240316-17:08:33] [INFO ] Calling auth_stop_session and auth_end from pid 8821
[20240316-17:08:33] [INFO ] Terminating X server (pid 8823) on display 10
[20240316-17:08:33] [INFO ] Terminating the xrdp channel server (pid 8857) on display 10
[20240316-17:08:33] [INFO ] X server on display 10 (pid 8823) returned exit code 0 and signal number 0
[20240316-17:08:33] [INFO ] xrdp channel server for display 10 (pid 8857) exit code 0 and signal number 0
[20240316-17:08:33] [INFO ] cleanup_sockets:
[20240316-17:08:33] [INFO ] Process 8821 has exited
[20240316-17:08:33] [INFO ] ++ terminated session:  username test, display :10.0, session_pid 8821, ip ::ffff:192.168.86.123:60794 - socket: 12
[20240316-17:08:39] [INFO ] sesman_main_loop: sesman asked to terminate
[20240316-17:08:53] [INFO ] starting xrdp-sesman with pid 954
[20240316-17:16:50] [INFO ] sesman_main_loop: sesman asked to terminate
[20240316-17:16:50] [INFO ] starting xrdp-sesman with pid 3270
[20240316-17:18:20] [INFO ] Socket 12: AF_INET6 connection received from ::1 port 45374
[20240316-17:18:20] [INFO ] Terminal Server Users group is disabled, allowing authentication
[20240316-17:18:20] [INFO ] ++ created session (access granted): username test, ip ::ffff:192.168.86.123:60886 - socket: 12
[20240316-17:18:20] [INFO ] starting Xvnc session...
[20240316-17:18:20] [INFO ] Starting session: session_pid 3295, display :10.0, width 1920, height 1080, bpp 16, client ip ::ffff:192.168.86.123:60886 - socket: 12, user name test
[20240316-17:18:20] [ERROR] sesman_data_in: scp_process_msg failed
[20240316-17:18:20] [INFO ] [session start] (display 10): calling auth_start_session from pid 3295
[20240316-17:18:20] [ERROR] sesman_main_loop: trans_check_wait_objs failed, removing trans
[20240316-17:18:20] [INFO ] Starting X server on display 10: Xvnc :10 -auth .Xauthority -geometry 1920x1080 -depth 16 -rfbauth /home/test/.vnc/sesman_passwd-test@oracle.localdomain:10 -bs -nolisten tcp -localhost -dpi 96  
[20240316-17:18:20] [INFO ] Found X server running at /tmp/.X11-unix/X10
[20240316-17:18:20] [INFO ] Session started successfully for user test on display 10
[20240316-17:18:20] [INFO ] Session in progress on display 10, waiting until the window manager (pid 3332) exits to end the session
[20240316-17:18:20] [INFO ] Starting the xrdp channel server for display 10
[20240316-17:18:20] [INFO ] Found X server running at /tmp/.X11-unix/X10
[20240316-17:18:20] [INFO ] Found X server running at /tmp/.X11-unix/X10
[20240316-17:18:20] [INFO ] Starting the default window manager on display 10: /usr/libexec/xrdp/startwm-bash.sh
[20240316-17:23:40] [INFO ] Calling auth_stop_session and auth_end from pid 3295
[20240316-17:23:40] [INFO ] Terminating X server (pid 3333) on display 10
[20240316-17:23:40] [INFO ] Terminating the xrdp channel server (pid 3357) on display 10
[20240316-17:23:40] [INFO ] X server on display 10 (pid 3333) returned exit code 0 and signal number 0
[20240316-17:23:40] [INFO ] xrdp channel server for display 10 (pid 3357) exit code 0 and signal number 0
[20240316-17:23:40] [INFO ] cleanup_sockets:
[20240316-17:23:40] [INFO ] Process 3295 has exited
[20240316-17:23:40] [INFO ] ++ terminated session:  username test, display :10.0, session_pid 3295, ip ::ffff:192.168.86.123:60886 - socket: 12
[20240316-17:23:54] [INFO ] sesman_main_loop: sesman asked to terminate
[20240316-17:23:54] [INFO ] starting xrdp-sesman with pid 4923
[20240316-17:24:15] [INFO ] Socket 12: AF_INET6 connection received from ::1 port 45010
[20240316-17:24:15] [INFO ] Terminal Server Users group is disabled, allowing authentication
[20240316-17:24:15] [INFO ] ++ created session (access granted): username test, ip ::ffff:192.168.86.123:60935 - socket: 12
[20240316-17:24:15] [INFO ] starting Xvnc session...
[20240316-17:24:15] [INFO ] Starting session: session_pid 4931, display :10.0, width 1920, height 1080, bpp 16, client ip ::ffff:192.168.86.123:60935 - socket: 12, user name test
[20240316-17:24:15] [ERROR] sesman_data_in: scp_process_msg failed
[20240316-17:24:15] [INFO ] [session start] (display 10): calling auth_start_session from pid 4931
[20240316-17:24:15] [ERROR] sesman_main_loop: trans_check_wait_objs failed, removing trans
[20240316-17:24:15] [INFO ] Starting X server on display 10: Xvnc :10 -auth .Xauthority -geometry 1920x1080 -depth 16 -rfbauth /home/test/.vnc/sesman_passwd-test@oracle.localdomain:10 -bs -nolisten tcp -localhost -dpi 96  
[20240316-17:24:15] [INFO ] Found X server running at /tmp/.X11-unix/X10
[20240316-17:24:15] [INFO ] Session started successfully for user test on display 10
[20240316-17:24:15] [INFO ] Session in progress on display 10, waiting until the window manager (pid 4932) exits to end the session
[20240316-17:24:15] [INFO ] Starting the xrdp channel server for display 10
[20240316-17:24:15] [INFO ] Found X server running at /tmp/.X11-unix/X10
[20240316-17:24:15] [INFO ] Found X server running at /tmp/.X11-unix/X10
[20240316-17:24:15] [INFO ] Starting the default window manager on display 10: /usr/libexec/xrdp/startwm-bash.sh
[20240316-17:26:41] [INFO ] Calling auth_stop_session and auth_end from pid 4931
[20240316-17:26:41] [INFO ] Terminating X server (pid 4933) on display 10
[20240316-17:26:41] [INFO ] Terminating the xrdp channel server (pid 4960) on display 10
[20240316-17:26:41] [INFO ] X server on display 10 (pid 4933) returned exit code 0 and signal number 0
[20240316-17:26:41] [INFO ] xrdp channel server for display 10 (pid 4960) exit code 0 and signal number 0
[20240316-17:26:41] [INFO ] cleanup_sockets:
[20240316-17:26:41] [INFO ] Process 4931 has exited
[20240316-17:26:41] [INFO ] ++ terminated session:  username test, display :10.0, session_pid 4931, ip ::ffff:192.168.86.123:60935 - socket: 12
[20240316-17:29:39] [INFO ] Socket 12: AF_INET6 connection received from ::1 port 53738
[20240316-17:29:39] [INFO ] Terminal Server Users group is disabled, allowing authentication
[20240316-17:29:39] [INFO ] ++ created session (access granted): username test, ip ::ffff:192.168.86.123:60966 - socket: 12
[20240316-17:29:39] [INFO ] starting Xvnc session...
[20240316-17:29:39] [INFO ] Starting session: session_pid 5829, display :10.0, width 1920, height 1080, bpp 16, client ip ::ffff:192.168.86.123:60966 - socket: 12, user name test
[20240316-17:29:39] [ERROR] sesman_data_in: scp_process_msg failed
[20240316-17:29:39] [INFO ] [session start] (display 10): calling auth_start_session from pid 5829
[20240316-17:29:39] [ERROR] sesman_main_loop: trans_check_wait_objs failed, removing trans
[20240316-17:29:39] [INFO ] Starting X server on display 10: Xvnc :10 -auth .Xauthority -geometry 1920x1080 -depth 16 -rfbauth /home/test/.vnc/sesman_passwd-test@oracle.localdomain:10 -bs -nolisten tcp -localhost -dpi 96  
[20240316-17:29:39] [INFO ] Found X server running at /tmp/.X11-unix/X10
[20240316-17:29:39] [INFO ] Session started successfully for user test on display 10
[20240316-17:29:39] [INFO ] Found X server running at /tmp/.X11-unix/X10
[20240316-17:29:39] [INFO ] Found X server running at /tmp/.X11-unix/X10
[20240316-17:29:39] [INFO ] Starting the xrdp channel server for display 10
[20240316-17:29:39] [INFO ] Session in progress on display 10, waiting until the window manager (pid 5830) exits to end the session
[20240316-17:29:39] [INFO ] Starting the default window manager on display 10: /usr/libexec/xrdp/startwm-bash.sh
[20240316-17:36:22] [INFO ] Calling auth_stop_session and auth_end from pid 5829
[20240316-17:36:22] [INFO ] Terminating X server (pid 5831) on display 10
[20240316-17:36:22] [INFO ] Terminating the xrdp channel server (pid 5858) on display 10
[20240316-17:36:22] [INFO ] X server on display 10 (pid 5831) returned exit code 0 and signal number 0
[20240316-17:36:22] [INFO ] xrdp channel server for display 10 (pid 5858) exit code 0 and signal number 0
[20240316-17:36:22] [INFO ] cleanup_sockets:
[20240316-17:36:22] [INFO ] Process 5829 has exited
[20240316-17:36:22] [INFO ] ++ terminated session:  username test, display :10.0, session_pid 5829, ip ::ffff:192.168.86.123:60966 - socket: 12
[20240316-17:36:30] [INFO ] sesman_main_loop: sesman asked to terminate
[20240316-17:36:44] [INFO ] starting xrdp-sesman with pid 954
[20240316-17:37:42] [INFO ] Socket 12: AF_INET6 connection received from ::1 port 38518
[20240316-17:37:42] [INFO ] Terminal Server Users group is disabled, allowing authentication
[20240316-17:37:42] [INFO ] ++ created session (access granted): username test, ip ::ffff:192.168.86.123:61005 - socket: 12
[20240316-17:37:42] [INFO ] starting Xvnc session...
[20240316-17:37:42] [INFO ] Starting session: session_pid 3076, display :10.0, width 1920, height 1080, bpp 16, client ip ::ffff:192.168.86.123:61005 - socket: 12, user name test
[20240316-17:37:42] [ERROR] sesman_data_in: scp_process_msg failed
[20240316-17:37:42] [INFO ] [session start] (display 10): calling auth_start_session from pid 3076
[20240316-17:37:42] [ERROR] sesman_main_loop: trans_check_wait_objs failed, removing trans
[20240316-17:37:42] [INFO ] Starting X server on display 10: Xvnc :10 -auth .Xauthority -geometry 1920x1080 -depth 16 -rfbauth /home/test/.vnc/sesman_passwd-test@oracle.localdomain:10 -bs -nolisten tcp -localhost -dpi 96  
[20240316-17:37:43] [INFO ] Found X server running at /tmp/.X11-unix/X10
[20240316-17:37:43] [INFO ] Session started successfully for user test on display 10
[20240316-17:37:43] [INFO ] Session in progress on display 10, waiting until the window manager (pid 3110) exits to end the session
[20240316-17:37:43] [INFO ] Starting the xrdp channel server for display 10
[20240316-17:37:43] [INFO ] Found X server running at /tmp/.X11-unix/X10
[20240316-17:37:43] [INFO ] Found X server running at /tmp/.X11-unix/X10
[20240316-17:37:43] [INFO ] Starting the default window manager on display 10: /usr/libexec/xrdp/startwm-bash.sh
[20240316-17:51:49] [INFO ] Calling auth_stop_session and auth_end from pid 3076
[20240316-17:51:49] [INFO ] Terminating X server (pid 3111) on display 10
[20240316-17:51:49] [INFO ] Terminating the xrdp channel server (pid 3136) on display 10
[20240316-17:51:49] [INFO ] X server on display 10 (pid 3111) returned exit code 0 and signal number 0
[20240316-17:51:49] [INFO ] xrdp channel server for display 10 (pid 3136) exit code 0 and signal number 0
[20240316-17:51:49] [INFO ] cleanup_sockets:
[20240316-17:51:49] [INFO ] Process 3076 has exited
[20240316-17:51:49] [INFO ] ++ terminated session:  username test, display :10.0, session_pid 3076, ip ::ffff:192.168.86.123:61005 - socket: 12
[20240316-17:52:10] [INFO ] Socket 12: AF_INET6 connection received from ::1 port 33110
[20240316-17:52:10] [INFO ] Terminal Server Users group is disabled, allowing authentication
[20240316-17:52:10] [INFO ] ++ created session (access granted): username test, ip ::ffff:192.168.86.123:61115 - socket: 12
[20240316-17:52:10] [INFO ] starting Xvnc session...
[20240316-17:52:10] [INFO ] Starting session: session_pid 4733, display :10.0, width 1920, height 1080, bpp 16, client ip ::ffff:192.168.86.123:61115 - socket: 12, user name test
[20240316-17:52:10] [ERROR] sesman_data_in: scp_process_msg failed
[20240316-17:52:10] [INFO ] [session start] (display 10): calling auth_start_session from pid 4733
[20240316-17:52:10] [ERROR] sesman_main_loop: trans_check_wait_objs failed, removing trans
[20240316-17:52:10] [INFO ] Starting X server on display 10: Xvnc :10 -auth .Xauthority -geometry 1920x1080 -depth 16 -rfbauth /home/test/.vnc/sesman_passwd-test@oracle.localdomain:10 -bs -nolisten tcp -localhost -dpi 96  
[20240316-17:52:10] [INFO ] Found X server running at /tmp/.X11-unix/X10
[20240316-17:52:10] [INFO ] Session started successfully for user test on display 10
[20240316-17:52:10] [INFO ] Session in progress on display 10, waiting until the window manager (pid 4734) exits to end the session
[20240316-17:52:10] [INFO ] Starting the xrdp channel server for display 10
[20240316-17:52:10] [INFO ] Found X server running at /tmp/.X11-unix/X10
[20240316-17:52:10] [INFO ] Found X server running at /tmp/.X11-unix/X10
[20240316-17:52:10] [INFO ] Starting the default window manager on display 10: /usr/libexec/xrdp/startwm-bash.sh
